
Showing logs for build [32mcb-kubecd-environment-pr-169-13-s6whs-1[0m stage [32mfrom-build-pack[0m and container [32mstep-credential-initializer-bjt8l[0m
{"level":"warn","ts":1582922458.6286306,"logger":"fallback-logger","caller":"logging/config.go:69","msg":"Fetch GitHub commit ID from kodata failed: \"ref: refs/heads/0.8.0-**-support-backwards-incompats\" is not a valid GitHub commit ID"}
{"level":"info","ts":1582922458.6293495,"logger":"fallback-logger","caller":"creds-init/main.go:40","msg":"Credentials initialized."}

Showing logs for build [32mcb-kubecd-environment-pr-169-13-s6whs-1[0m stage [32mfrom-build-pack[0m and container [32mstep-working-dir-initializer-tvp5c[0m
{"level":"warn","ts":1582922460.0036833,"logger":"fallback-logger","caller":"logging/config.go:69","msg":"Fetch GitHub commit ID from kodata failed: open /var/run/ko/HEAD: no such file or directory"}
{"level":"info","ts":1582922460.0054224,"logger":"fallback-logger","caller":"bash/main.go:64","msg":"Successfully executed command \"sh -c mkdir -p /workspace/source\"; output "}

Showing logs for build [32mcb-kubecd-environment-pr-169-13-s6whs-1[0m stage [32mfrom-build-pack[0m and container [32mstep-place-tools[0m

Showing logs for build [32mcb-kubecd-environment-pr-169-13-s6whs-1[0m stage [32mfrom-build-pack[0m and container [32mstep-git-source-cb-kubecd-environment-pr-169-13-s6whs-mqpcl[0m
{"level":"warn","ts":1582922463.0998712,"logger":"fallback-logger","caller":"logging/config.go:69","msg":"Fetch GitHub commit ID from kodata failed: \"ref: refs/heads/0.8.0-**-support-backwards-incompats\" is not a valid GitHub commit ID"}
{"level":"info","ts":1582922464.1790373,"logger":"fallback-logger","caller":"git/git.go:103","msg":"Successfully cloned https://github.com/cb-kubecd/environment-pr-169-13-boot-gke-production.git @ master in path /workspace/source"}

Showing logs for build [32mcb-kubecd-environment-pr-169-13-s6whs-1[0m stage [32mfrom-build-pack[0m and container [32mstep-git-merge[0m
Using SHAs from PULL_REFS=master:d7635b455b2c6880a25104d3dbb577cb29479697,1:db2d70ad766e47d3443ec9320dd3d25472eeba7e
DEBUG: LC_ALL=C JX_LOG_LEVEL=error git fetch origin --unshallow db2d70ad766e47d3443ec9320dd3d25472eeba7e: d7635b455b2c6880a25104d3dbb577cb29479697:
DEBUG: ran git fetch --unshallow origin db2d70ad766e47d3443ec9320dd3d25472eeba7e: d7635b455b2c6880a25104d3dbb577cb29479697: in 
DEBUG: LC_ALL=C JX_LOG_LEVEL=error git branch
DEBUG: LC_ALL=C JX_LOG_LEVEL=error git checkout master
DEBUG: ran git checkout master in 
DEBUG: LC_ALL=C JX_LOG_LEVEL=error git reset --hard d7635b455b2c6880a25104d3dbb577cb29479697
DEBUG: ran git reset --hard d7635b455b2c6880a25104d3dbb577cb29479697 in 
DEBUG: LC_ALL=C JX_LOG_LEVEL=error git clean -fd .
DEBUG: ran clean --force -d . in 
DEBUG: LC_ALL=C JX_LOG_LEVEL=error git merge db2d70ad766e47d3443ec9320dd3d25472eeba7e
DEBUG: ran git merge db2d70ad766e47d3443ec9320dd3d25472eeba7e in 
DEBUG: LC_ALL=C JX_LOG_LEVEL=error git log --format=%H%x1f%an%x1f%ae%x1f%cn%x1f%ce%x1f%s%n%b%x1e d7635b455b2c6880a25104d3dbb577cb29479697..HEAD
Merged SHA db2d70ad766e47d3443ec9320dd3d25472eeba7e with commit message 'chore: Promote bdd-spring-1582921566 to version 0.0.1' into base branch master

Showing logs for build [32mcb-kubecd-environment-pr-169-13-s6whs-1[0m stage [32mfrom-build-pack[0m and container [32mstep-build-helm-build[0m
WARNING: No $CHART_REPOSITORY defined so using the default value of: http://jenkins-x-chartmuseum:8080
Adding missing Helm repo: storage.googleapis.com https://storage.googleapis.com/chartmuseum.jenkins-x.io
WARNING: No secrets found on "helm/repos" due: reading the secret "helm/repos" from vault: no secret "helm/repos" not found in vault
Read credentials for https://storage.googleapis.com/chartmuseum.jenkins-x.io from vault helm/repos
Successfully added Helm repository storage.googleapis.com.
Adding missing Helm repo: jenkins-x-chartmuseum http://jenkins-x-chartmuseum:8080
WARNING: No secrets found on "helm/repos" due: reading the secret "helm/repos" from vault: no secret "helm/repos" not found in vault
Read credentials for http://jenkins-x-chartmuseum:8080 from vault helm/repos
Successfully added Helm repository jenkins-x-chartmuseum.
WARNING: No $CHART_REPOSITORY defined so using the default value of: http://jenkins-x-chartmuseum:8080
Adding missing Helm repo: chartmuseum.jenkins-x.io http://chartmuseum.jenkins-x.io
WARNING: No secrets found on "helm/repos" due: reading the secret "helm/repos" from vault: no secret "helm/repos" not found in vault
Read credentials for http://chartmuseum.jenkins-x.io from vault helm/repos
Successfully added Helm repository chartmuseum.jenkins-x.io.
